d:\projekte\20151006_genericcontrol\genericcontrol\genericcontrol\kr30_16_gc_driver_native\debug\krc2_gc_native.pch
d:\projekte\20151006_genericcontrol\genericcontrol\genericcontrol\kr30_16_gc_driver_native\debug\vc120.pdb
d:\projekte\20151006_genericcontrol\genericcontrol\genericcontrol\kr30_16_gc_driver_native\debug\vc120.idb
d:\projekte\20151006_genericcontrol\genericcontrol\genericcontrol\kr30_16_gc_driver_native\debug\common.obj
d:\projekte\20151006_genericcontrol\genericcontrol\genericcontrol\kr30_16_gc_driver_native\debug\dllmain.obj
d:\projekte\20151006_genericcontrol\genericcontrol\genericcontrol\kr30_16_gc_driver_native\debug\krc2_gc.obj
d:\projekte\20151006_genericcontrol\genericcontrol\genericcontrol\kr30_16_gc_driver_native\debug\logmanager.obj
d:\projekte\20151006_genericcontrol\genericcontrol\genericcontrol\kr30_16_gc_driver_native\debug\simplethread.obj
d:\projekte\20151006_genericcontrol\genericcontrol\genericcontrol\kr30_16_gc_driver_native\debug\tcpudpclientthread.obj
d:\projekte\20151006_genericcontrol\genericcontrol\genericcontrol\kr30_16_gc_driver_native\debug\tcpudpserver.obj
d:\projekte\20151006_genericcontrol\genericcontrol\genericcontrol\debug\krc2_gc_native.lib
d:\projekte\20151006_genericcontrol\genericcontrol\genericcontrol\debug\krc2_gc_native.exp
d:\projekte\20151006_genericcontrol\genericcontrol\genericcontrol\debug\krc2_gc_native.ilk
d:\projekte\20151006_genericcontrol\genericcontrol\genericcontrol\debug\krc2_gc_native.dll
d:\projekte\20151006_genericcontrol\genericcontrol\genericcontrol\debug\krc2_gc_native.pdb
d:\projekte\20151006_genericcontrol\genericcontrol\genericcontrol\kr30_16_gc_driver_native\debug\resource.res
d:\projekte\20151006_genericcontrol\genericcontrol\genericcontrol\kr30_16_gc_driver_native\debug\krc2_gc_native.tlog\cl.command.1.tlog
d:\projekte\20151006_genericcontrol\genericcontrol\genericcontrol\kr30_16_gc_driver_native\debug\krc2_gc_native.tlog\cl.read.1.tlog
d:\projekte\20151006_genericcontrol\genericcontrol\genericcontrol\kr30_16_gc_driver_native\debug\krc2_gc_native.tlog\cl.write.1.tlog
d:\projekte\20151006_genericcontrol\genericcontrol\genericcontrol\kr30_16_gc_driver_native\debug\krc2_gc_native.tlog\krc2_gc_native.write.1u.tlog
d:\projekte\20151006_genericcontrol\genericcontrol\genericcontrol\kr30_16_gc_driver_native\debug\krc2_gc_native.tlog\link.command.1.tlog
d:\projekte\20151006_genericcontrol\genericcontrol\genericcontrol\kr30_16_gc_driver_native\debug\krc2_gc_native.tlog\link.read.1.tlog
d:\projekte\20151006_genericcontrol\genericcontrol\genericcontrol\kr30_16_gc_driver_native\debug\krc2_gc_native.tlog\link.write.1.tlog
d:\projekte\20151006_genericcontrol\genericcontrol\genericcontrol\kr30_16_gc_driver_native\debug\krc2_gc_native.tlog\rc.command.1.tlog
d:\projekte\20151006_genericcontrol\genericcontrol\genericcontrol\kr30_16_gc_driver_native\debug\krc2_gc_native.tlog\rc.read.1.tlog
d:\projekte\20151006_genericcontrol\genericcontrol\genericcontrol\kr30_16_gc_driver_native\debug\krc2_gc_native.tlog\rc.write.1.tlog
